{
  "stats": {
    "suites": 1,
    "tests": 3,
    "passes": 2,
    "pending": 0,
    "failures": 1,
    "start": "2024-04-12T11:51:48.172Z",
    "end": "2024-04-12T11:52:35.458Z",
    "duration": 47286,
    "testsRegistered": 3,
    "passPercent": 66.66666666666666,
    "pendingPercent": 0,
    "other": 0,
    "hasOther": false,
    "skipped": 0,
    "hasSkipped": false
  },
  "results": [
    {
      "uuid": "97cf771e-86c6-44f3-bc60-ca1de2011044",
      "title": "",
      "fullFile": "cypress\\e2e\\article.cy.js",
      "file": "cypress\\e2e\\article.cy.js",
      "beforeHooks": [],
      "afterHooks": [],
      "tests": [],
      "suites": [
        {
          "uuid": "63d5a8d4-1216-4c90-b1e7-6850125e4ebd",
          "title": "Article Navigation",
          "fullFile": "",
          "file": "",
          "beforeHooks": [],
          "afterHooks": [],
          "tests": [
            {
              "title": "Navigate to section within the article",
              "fullTitle": "Article Navigation Navigate to section within the article",
              "timedOut": null,
              "duration": 2529,
              "state": "passed",
              "speed": "fast",
              "pass": true,
              "fail": false,
              "pending": false,
              "context": "\"../videos/article.cy.js.mp4\"",
              "code": "articleView.checkArticleTitle(articleTitle);\narticleView.openChapterFromTOC(chapter);",
              "err": {},
              "uuid": "6cd0ef33-7de9-4ce1-9ff6-3a1a8f128eda",
              "parentUUID": "63d5a8d4-1216-4c90-b1e7-6850125e4ebd",
              "isHook": false,
              "skipped": false
            },
            {
              "title": "Open external link in a new tab",
              "fullTitle": "Article Navigation Open external link in a new tab",
              "timedOut": null,
              "duration": 7052,
              "state": "failed",
              "speed": null,
              "pass": false,
              "fail": true,
              "pending": false,
              "context": "[\n  \"../screenshots/article.cy.js/Article Navigation -- Open external link in a new tab (failed).png\",\n  \"../videos/article.cy.js.mp4\"\n]",
              "code": "articleView.checkArticleTitle(articleTitle);\narticleView.openNthExternalLink(1, targetUrl);",
              "err": {
                "message": "AssertionError: Timed out retrying after 4000ms: expected 'https://en.wikipedia.org/w/index.php?title=Black_hole&action=edit' to equal 'https://www.bbc.co.uk/programmes/p00547f4'",
                "estack": "AssertionError: Timed out retrying after 4000ms: expected 'https://en.wikipedia.org/w/index.php?title=Black_hole&action=edit' to equal 'https://www.bbc.co.uk/programmes/p00547f4'\n    at Object.openNthExternalLink (webpack://aura-wikipedia-tests/./cypress/support/pageObjects/articleView.js:40:55)\n    at Context.eval (webpack://aura-wikipedia-tests/./cypress/e2e/article.cy.js:21:20)",
                "diff": "- 'https://en.wikipedia.org/w/index.php?title=Black_hole&action=edit'\n+ 'https://www.bbc.co.uk/programmes/p00547f4'\n"
              },
              "uuid": "1ca8d470-8c0d-4618-bdb2-1fde47942494",
              "parentUUID": "63d5a8d4-1216-4c90-b1e7-6850125e4ebd",
              "isHook": false,
              "skipped": false
            },
            {
              "title": "Jump to corresponding reference section",
              "fullTitle": "Article Navigation Jump to corresponding reference section",
              "timedOut": null,
              "duration": 1711,
              "state": "passed",
              "speed": "fast",
              "pass": true,
              "fail": false,
              "pending": false,
              "context": "\"../videos/article.cy.js.mp4\"",
              "code": "articleView.checkArticleTitle(articleTitle);\narticleView.viewNthReference(1);",
              "err": {},
              "uuid": "48ec84a7-55df-4158-b503-98bcbf0ee674",
              "parentUUID": "63d5a8d4-1216-4c90-b1e7-6850125e4ebd",
              "isHook": false,
              "skipped": false
            }
          ],
          "suites": [],
          "passes": [
            "6cd0ef33-7de9-4ce1-9ff6-3a1a8f128eda",
            "48ec84a7-55df-4158-b503-98bcbf0ee674"
          ],
          "failures": [
            "1ca8d470-8c0d-4618-bdb2-1fde47942494"
          ],
          "pending": [],
          "skipped": [],
          "duration": 11292,
          "root": false,
          "rootEmpty": false,
          "_timeout": 2000
        }
      ],
      "passes": [],
      "failures": [],
      "pending": [],
      "skipped": [],
      "duration": 0,
      "root": true,
      "rootEmpty": true,
      "_timeout": 2000
    }
  ],
  "meta": {
    "mocha": {
      "version": "7.0.1"
    },
    "mochawesome": {
      "options": {
        "quiet": false,
        "reportFilename": "[name].html",
        "saveHtml": true,
        "saveJson": true,
        "consoleReporter": "spec",
        "useInlineDiffs": false,
        "code": true
      },
      "version": "7.1.3"
    },
    "marge": {
      "options": {
        "useInlineDiffs": true,
        "embeddedScreenshots": true,
        "reportDir": "cypress/results",
        "reportFilename": "[name].html",
        "overwrite": true,
        "html": true,
        "json": true
      },
      "version": "6.2.0"
    }
  }
}