{
  "stats": {
    "suites": 1,
    "tests": 3,
    "passes": 2,
    "pending": 0,
    "failures": 1,
    "start": "2024-04-12T09:56:47.889Z",
    "end": "2024-04-12T09:57:32.776Z",
    "duration": 44887,
    "testsRegistered": 3,
    "passPercent": 66.66666666666666,
    "pendingPercent": 0,
    "other": 0,
    "hasOther": false,
    "skipped": 0,
    "hasSkipped": false
  },
  "results": [
    {
      "uuid": "7bc2d434-be15-4e6f-a471-d8c2c2f20ce7",
      "title": "",
      "fullFile": "cypress\\e2e\\article.cy.js",
      "file": "cypress\\e2e\\article.cy.js",
      "beforeHooks": [],
      "afterHooks": [],
      "tests": [],
      "suites": [
        {
          "uuid": "202a0d23-535b-49d1-9bce-3c5470bdf2b5",
          "title": "Article Navigation",
          "fullFile": "",
          "file": "",
          "beforeHooks": [],
          "afterHooks": [],
          "tests": [
            {
              "title": "Navigate to section within the article",
              "fullTitle": "Article Navigation Navigate to section within the article",
              "timedOut": null,
              "duration": 1901,
              "state": "passed",
              "speed": "fast",
              "pass": true,
              "fail": false,
              "pending": false,
              "context": "\"../videos/article.cy.js.mp4\"",
              "code": "articleView.checkArticleTitle(articleTitle);\narticleView.openChapterFromTOC(chapter);",
              "err": {},
              "uuid": "4f120f9c-6a28-4d14-bea8-21517fd3247b",
              "parentUUID": "202a0d23-535b-49d1-9bce-3c5470bdf2b5",
              "isHook": false,
              "skipped": false
            },
            {
              "title": "Open external link in a new tab",
              "fullTitle": "Article Navigation Open external link in a new tab",
              "timedOut": null,
              "duration": 6768,
              "state": "failed",
              "speed": null,
              "pass": false,
              "fail": true,
              "pending": false,
              "context": "[\n  \"../screenshots/article.cy.js/Article Navigation -- Open external link in a new tab (failed).png\",\n  \"../videos/article.cy.js.mp4\"\n]",
              "code": "articleView.checkArticleTitle(articleTitle);\narticleView.openNthExternalLink(1, targetUrl);",
              "err": {
                "message": "AssertionError: Timed out retrying after 4000ms: expected 'https://en.wikipedia.org/w/index.php?title=Black_hole&action=edit' to equal 'https://www.bbc.co.uk/programmes/p00547f4'",
                "estack": "AssertionError: Timed out retrying after 4000ms: expected 'https://en.wikipedia.org/w/index.php?title=Black_hole&action=edit' to equal 'https://www.bbc.co.uk/programmes/p00547f4'\n    at Object.openNthExternalLink (webpack://aura-wikipedia-tests/./cypress/support/pageObjects/articleView.js:40:55)\n    at Context.eval (webpack://aura-wikipedia-tests/./cypress/e2e/article.cy.js:21:20)",
                "diff": "- 'https://en.wikipedia.org/w/index.php?title=Black_hole&action=edit'\n+ 'https://www.bbc.co.uk/programmes/p00547f4'\n"
              },
              "uuid": "e7b057da-47c8-4f21-a7a6-5fd75534bad4",
              "parentUUID": "202a0d23-535b-49d1-9bce-3c5470bdf2b5",
              "isHook": false,
              "skipped": false
            },
            {
              "title": "Jump to corresponding reference section",
              "fullTitle": "Article Navigation Jump to corresponding reference section",
              "timedOut": null,
              "duration": 2448,
              "state": "passed",
              "speed": "fast",
              "pass": true,
              "fail": false,
              "pending": false,
              "context": "\"../videos/article.cy.js.mp4\"",
              "code": "articleView.checkArticleTitle(articleTitle);\narticleView.viewNthReference(1);",
              "err": {},
              "uuid": "f2182bc2-1c0f-48c0-8cba-fd838cfde885",
              "parentUUID": "202a0d23-535b-49d1-9bce-3c5470bdf2b5",
              "isHook": false,
              "skipped": false
            }
          ],
          "suites": [],
          "passes": [
            "4f120f9c-6a28-4d14-bea8-21517fd3247b",
            "f2182bc2-1c0f-48c0-8cba-fd838cfde885"
          ],
          "failures": [
            "e7b057da-47c8-4f21-a7a6-5fd75534bad4"
          ],
          "pending": [],
          "skipped": [],
          "duration": 11117,
          "root": false,
          "rootEmpty": false,
          "_timeout": 2000
        }
      ],
      "passes": [],
      "failures": [],
      "pending": [],
      "skipped": [],
      "duration": 0,
      "root": true,
      "rootEmpty": true,
      "_timeout": 2000
    }
  ],
  "meta": {
    "mocha": {
      "version": "7.0.1"
    },
    "mochawesome": {
      "options": {
        "quiet": false,
        "reportFilename": "[name].html",
        "saveHtml": true,
        "saveJson": true,
        "consoleReporter": "spec",
        "useInlineDiffs": false,
        "code": true
      },
      "version": "7.1.3"
    },
    "marge": {
      "options": {
        "useInlineDiffs": true,
        "embeddedScreenshots": true,
        "reportDir": "cypress/results",
        "reportFilename": "[name].html",
        "overwrite": true,
        "html": true,
        "json": true
      },
      "version": "6.2.0"
    }
  }
}