{
  "stats": {
    "suites": 1,
    "tests": 4,
    "passes": 3,
    "pending": 0,
    "failures": 1,
    "start": "2024-04-12T09:57:38.700Z",
    "end": "2024-04-12T09:58:01.326Z",
    "duration": 22626,
    "testsRegistered": 4,
    "passPercent": 75,
    "pendingPercent": 0,
    "other": 0,
    "hasOther": false,
    "skipped": 0,
    "hasSkipped": false
  },
  "results": [
    {
      "uuid": "c3423cb0-97b8-4e5a-8f4e-16b20b3ceba7",
      "title": "",
      "fullFile": "cypress\\e2e\\login.cy.js",
      "file": "cypress\\e2e\\login.cy.js",
      "beforeHooks": [],
      "afterHooks": [],
      "tests": [],
      "suites": [
        {
          "uuid": "1a8146b9-5e52-4ade-b041-1ff485047c04",
          "title": "Login functionality",
          "fullFile": "",
          "file": "",
          "beforeHooks": [],
          "afterHooks": [],
          "tests": [
            {
              "title": "should login with valid credentials",
              "fullTitle": "Login functionality should login with valid credentials",
              "timedOut": null,
              "duration": 8903,
              "state": "passed",
              "speed": "medium",
              "pass": true,
              "fail": false,
              "pending": false,
              "context": "\"../videos/login.cy.js.mp4\"",
              "code": "loginPage.logIn(username, password);\nloginPage.checkLogInSuccessful();",
              "err": {},
              "uuid": "d69c1715-11e8-4d32-8292-274634489c1f",
              "parentUUID": "1a8146b9-5e52-4ade-b041-1ff485047c04",
              "isHook": false,
              "skipped": false
            },
            {
              "title": "should display error message for invalid credentials",
              "fullTitle": "Login functionality should display error message for invalid credentials",
              "timedOut": null,
              "duration": 2688,
              "state": "passed",
              "speed": "fast",
              "pass": true,
              "fail": false,
              "pending": false,
              "context": "\"../videos/login.cy.js.mp4\"",
              "code": "loginPage.logIn('invalid', 'invalid');\nloginPage.checkErrorBox();",
              "err": {},
              "uuid": "dd1f236d-0ad6-413e-b602-a32c8d8aaa1e",
              "parentUUID": "1a8146b9-5e52-4ade-b041-1ff485047c04",
              "isHook": false,
              "skipped": false
            },
            {
              "title": "should display error message for empty username or password",
              "fullTitle": "Login functionality should display error message for empty username or password",
              "timedOut": null,
              "duration": 5365,
              "state": "failed",
              "speed": null,
              "pass": false,
              "fail": true,
              "pending": false,
              "context": "[\n  \"../screenshots/login.cy.js/Login functionality -- should display error message for empty username or password (failed).png\",\n  \"../videos/login.cy.js.mp4\"\n]",
              "code": "loginPage.clickLoginButton();\ncy.get('.error').should('be.visible');",
              "err": {
                "message": "AssertionError: Timed out retrying after 4000ms: Expected to find element: `.error`, but never found it.",
                "estack": "AssertionError: Timed out retrying after 4000ms: Expected to find element: `.error`, but never found it.\n    at Context.eval (webpack://aura-wikipedia-tests/./cypress/e2e/login.cy.js:26:21)",
                "diff": null
              },
              "uuid": "1a6f5ae7-0cea-4c6f-ae9b-4047dada1353",
              "parentUUID": "1a8146b9-5e52-4ade-b041-1ff485047c04",
              "isHook": false,
              "skipped": false
            },
            {
              "title": "should navigate to forgot password page",
              "fullTitle": "Login functionality should navigate to forgot password page",
              "timedOut": null,
              "duration": 1956,
              "state": "passed",
              "speed": "fast",
              "pass": true,
              "fail": false,
              "pending": false,
              "context": "\"../videos/login.cy.js.mp4\"",
              "code": "loginPage.forgotPasswordCheck();",
              "err": {},
              "uuid": "65ee617a-5ee0-47ce-b341-8a368751380c",
              "parentUUID": "1a8146b9-5e52-4ade-b041-1ff485047c04",
              "isHook": false,
              "skipped": false
            }
          ],
          "suites": [],
          "passes": [
            "d69c1715-11e8-4d32-8292-274634489c1f",
            "dd1f236d-0ad6-413e-b602-a32c8d8aaa1e",
            "65ee617a-5ee0-47ce-b341-8a368751380c"
          ],
          "failures": [
            "1a6f5ae7-0cea-4c6f-ae9b-4047dada1353"
          ],
          "pending": [],
          "skipped": [],
          "duration": 18912,
          "root": false,
          "rootEmpty": false,
          "_timeout": 2000
        }
      ],
      "passes": [],
      "failures": [],
      "pending": [],
      "skipped": [],
      "duration": 0,
      "root": true,
      "rootEmpty": true,
      "_timeout": 2000
    }
  ],
  "meta": {
    "mocha": {
      "version": "7.0.1"
    },
    "mochawesome": {
      "options": {
        "quiet": false,
        "reportFilename": "[name].html",
        "saveHtml": true,
        "saveJson": true,
        "consoleReporter": "spec",
        "useInlineDiffs": false,
        "code": true
      },
      "version": "7.1.3"
    },
    "marge": {
      "options": {
        "useInlineDiffs": true,
        "embeddedScreenshots": true,
        "reportDir": "cypress/results",
        "reportFilename": "[name].html",
        "overwrite": true,
        "html": true,
        "json": true
      },
      "version": "6.2.0"
    }
  }
}