{
  "stats": {
    "suites": 1,
    "tests": 4,
    "passes": 3,
    "pending": 0,
    "failures": 1,
    "start": "2024-04-12T11:52:41.526Z",
    "end": "2024-04-12T11:53:05.695Z",
    "duration": 24169,
    "testsRegistered": 4,
    "passPercent": 75,
    "pendingPercent": 0,
    "other": 0,
    "hasOther": false,
    "skipped": 0,
    "hasSkipped": false
  },
  "results": [
    {
      "uuid": "005e95e9-d945-4f1b-9bdc-f36a8a346c28",
      "title": "",
      "fullFile": "cypress\\e2e\\login.cy.js",
      "file": "cypress\\e2e\\login.cy.js",
      "beforeHooks": [],
      "afterHooks": [],
      "tests": [],
      "suites": [
        {
          "uuid": "ac1b8b87-522d-4fcd-a1de-726013c1af03",
          "title": "Login functionality",
          "fullFile": "",
          "file": "",
          "beforeHooks": [],
          "afterHooks": [],
          "tests": [
            {
              "title": "should login with valid credentials",
              "fullTitle": "Login functionality should login with valid credentials",
              "timedOut": null,
              "duration": 10100,
              "state": "passed",
              "speed": "slow",
              "pass": true,
              "fail": false,
              "pending": false,
              "context": "\"../videos/login.cy.js.mp4\"",
              "code": "loginPage.logIn(username, password);\nloginPage.checkLogInSuccessful();",
              "err": {},
              "uuid": "817711bf-4cfd-4e97-ae29-da9477ecb69b",
              "parentUUID": "ac1b8b87-522d-4fcd-a1de-726013c1af03",
              "isHook": false,
              "skipped": false
            },
            {
              "title": "should display error message for invalid credentials",
              "fullTitle": "Login functionality should display error message for invalid credentials",
              "timedOut": null,
              "duration": 2548,
              "state": "passed",
              "speed": "fast",
              "pass": true,
              "fail": false,
              "pending": false,
              "context": "\"../videos/login.cy.js.mp4\"",
              "code": "loginPage.logIn('invalid', 'invalid');\nloginPage.checkErrorBox();",
              "err": {},
              "uuid": "c5dd15e2-77b5-43d7-9eb1-7494a681926b",
              "parentUUID": "ac1b8b87-522d-4fcd-a1de-726013c1af03",
              "isHook": false,
              "skipped": false
            },
            {
              "title": "should display error message for empty username or password",
              "fullTitle": "Login functionality should display error message for empty username or password",
              "timedOut": null,
              "duration": 5420,
              "state": "failed",
              "speed": null,
              "pass": false,
              "fail": true,
              "pending": false,
              "context": "[\n  \"../screenshots/login.cy.js/Login functionality -- should display error message for empty username or password (failed).png\",\n  \"../videos/login.cy.js.mp4\"\n]",
              "code": "loginPage.clickLoginButton();\ncy.get('.error').should('be.visible');",
              "err": {
                "message": "AssertionError: Timed out retrying after 4000ms: Expected to find element: `.error`, but never found it.",
                "estack": "AssertionError: Timed out retrying after 4000ms: Expected to find element: `.error`, but never found it.\n    at Context.eval (webpack://aura-wikipedia-tests/./cypress/e2e/login.cy.js:26:21)",
                "diff": null
              },
              "uuid": "4a30be26-5401-4374-8929-3795ac92542b",
              "parentUUID": "ac1b8b87-522d-4fcd-a1de-726013c1af03",
              "isHook": false,
              "skipped": false
            },
            {
              "title": "should navigate to forgot password page",
              "fullTitle": "Login functionality should navigate to forgot password page",
              "timedOut": null,
              "duration": 1872,
              "state": "passed",
              "speed": "fast",
              "pass": true,
              "fail": false,
              "pending": false,
              "context": "\"../videos/login.cy.js.mp4\"",
              "code": "loginPage.forgotPasswordCheck();",
              "err": {},
              "uuid": "4331e18f-4096-41e5-8b9d-912380586cde",
              "parentUUID": "ac1b8b87-522d-4fcd-a1de-726013c1af03",
              "isHook": false,
              "skipped": false
            }
          ],
          "suites": [],
          "passes": [
            "817711bf-4cfd-4e97-ae29-da9477ecb69b",
            "c5dd15e2-77b5-43d7-9eb1-7494a681926b",
            "4331e18f-4096-41e5-8b9d-912380586cde"
          ],
          "failures": [
            "4a30be26-5401-4374-8929-3795ac92542b"
          ],
          "pending": [],
          "skipped": [],
          "duration": 19940,
          "root": false,
          "rootEmpty": false,
          "_timeout": 2000
        }
      ],
      "passes": [],
      "failures": [],
      "pending": [],
      "skipped": [],
      "duration": 0,
      "root": true,
      "rootEmpty": true,
      "_timeout": 2000
    }
  ],
  "meta": {
    "mocha": {
      "version": "7.0.1"
    },
    "mochawesome": {
      "options": {
        "quiet": false,
        "reportFilename": "[name].html",
        "saveHtml": true,
        "saveJson": true,
        "consoleReporter": "spec",
        "useInlineDiffs": false,
        "code": true
      },
      "version": "7.1.3"
    },
    "marge": {
      "options": {
        "useInlineDiffs": true,
        "embeddedScreenshots": true,
        "reportDir": "cypress/results",
        "reportFilename": "[name].html",
        "overwrite": true,
        "html": true,
        "json": true
      },
      "version": "6.2.0"
    }
  }
}