{
  "stats": {
    "suites": 3,
    "tests": 4,
    "passes": 0,
    "pending": 0,
    "failures": 4,
    "start": "2024-04-12T09:58:07.677Z",
    "end": "2024-04-12T09:58:39.198Z",
    "duration": 31521,
    "testsRegistered": 4,
    "passPercent": 0,
    "pendingPercent": 0,
    "other": 0,
    "hasOther": false,
    "skipped": 0,
    "hasSkipped": false
  },
  "results": [
    {
      "uuid": "ef6e3f42-ca13-4b66-a755-23c849835895",
      "title": "",
      "fullFile": "cypress\\e2e\\register.cy.js",
      "file": "cypress\\e2e\\register.cy.js",
      "beforeHooks": [],
      "afterHooks": [],
      "tests": [],
      "suites": [
        {
          "uuid": "953ac9c0-0451-4919-bc5a-c3892895282d",
          "title": "Register functionality",
          "fullFile": "",
          "file": "",
          "beforeHooks": [],
          "afterHooks": [],
          "tests": [],
          "suites": [
            {
              "uuid": "d45123d0-7de1-4224-aac3-3c72aa01f503",
              "title": "Navigate to registration",
              "fullFile": "",
              "file": "",
              "beforeHooks": [],
              "afterHooks": [],
              "tests": [
                {
                  "title": "Create new account - from main page",
                  "fullTitle": "Register functionality Navigate to registration Create new account - from main page",
                  "timedOut": null,
                  "duration": 9219,
                  "state": "failed",
                  "speed": null,
                  "pass": false,
                  "fail": true,
                  "pending": false,
                  "context": "[\n  \"../screenshots/register.cy.js/Register functionality -- Navigate to registration -- Create new account - from main page (failed).png\",\n  \"../videos/register.cy.js.mp4\"\n]",
                  "code": "mainPage.goToRegistration();\nregisterPage.accountCreationSuccessful(username, password, email);\nwelcomeSurvey.checkWelcomeHeading();",
                  "err": {
                    "message": "AssertionError: Timed out retrying after 4000ms: expected 'https://en.wikipedia.org/w/index.php?title=Special:CreateAccount&returnto=Main+Page' to include '/w/index.php?title=Special:WelcomeSurvey'",
                    "estack": "AssertionError: Timed out retrying after 4000ms: expected 'https://en.wikipedia.org/w/index.php?title=Special:CreateAccount&returnto=Main+Page' to include '/w/index.php?title=Special:WelcomeSurvey'\n    at Object.checkIncludesURL (webpack://aura-wikipedia-tests/./cypress/support/commonFunctions.js:8:20)\n    at Object.checkWelcomeHeading (webpack://aura-wikipedia-tests/./cypress/support/pageObjects/welcomeSurvey.js:7:11)\n    at Context.eval (webpack://aura-wikipedia-tests/./cypress/e2e/register.cy.js:22:26)",
                    "diff": null
                  },
                  "uuid": "b1d1b66d-696f-4e07-bee2-0746c1e1db2c",
                  "parentUUID": "d45123d0-7de1-4224-aac3-3c72aa01f503",
                  "isHook": false,
                  "skipped": false
                },
                {
                  "title": "Create new account - through login page",
                  "fullTitle": "Register functionality Navigate to registration Create new account - through login page",
                  "timedOut": null,
                  "duration": 10051,
                  "state": "failed",
                  "speed": null,
                  "pass": false,
                  "fail": true,
                  "pending": false,
                  "context": "[\n  \"../screenshots/register.cy.js/Register functionality -- Navigate to registration -- Create new account - through login page (failed).png\",\n  \"../videos/register.cy.js.mp4\"\n]",
                  "code": "mainPage.goToLogin();\nloginPage.goToRegistration();\nregisterPage.accountCreationSuccessful(username, password, email);\nwelcomeSurvey.checkWelcomeHeading();",
                  "err": {
                    "message": "AssertionError: Timed out retrying after 4000ms: expected 'https://en.wikipedia.org/w/index.php?title=Special:CreateAccount&returnto=Main+Page&campaign=loginCTA' to include '/w/index.php?title=Special:WelcomeSurvey'",
                    "estack": "AssertionError: Timed out retrying after 4000ms: expected 'https://en.wikipedia.org/w/index.php?title=Special:CreateAccount&returnto=Main+Page&campaign=loginCTA' to include '/w/index.php?title=Special:WelcomeSurvey'\n    at Object.checkIncludesURL (webpack://aura-wikipedia-tests/./cypress/support/commonFunctions.js:8:20)\n    at Object.checkWelcomeHeading (webpack://aura-wikipedia-tests/./cypress/support/pageObjects/welcomeSurvey.js:7:11)\n    at Context.eval (webpack://aura-wikipedia-tests/./cypress/e2e/register.cy.js:29:26)",
                    "diff": null
                  },
                  "uuid": "3a65d72e-6d92-4394-97d4-81b8eb243b4e",
                  "parentUUID": "d45123d0-7de1-4224-aac3-3c72aa01f503",
                  "isHook": false,
                  "skipped": false
                }
              ],
              "suites": [],
              "passes": [],
              "failures": [
                "b1d1b66d-696f-4e07-bee2-0746c1e1db2c",
                "3a65d72e-6d92-4394-97d4-81b8eb243b4e"
              ],
              "pending": [],
              "skipped": [],
              "duration": 19270,
              "root": false,
              "rootEmpty": false,
              "_timeout": 2000
            },
            {
              "uuid": "50351214-5495-4db5-8e88-bb092a1b2fdf",
              "title": "Start on register page",
              "fullFile": "",
              "file": "",
              "beforeHooks": [],
              "afterHooks": [],
              "tests": [
                {
                  "title": "Create new account - successfully",
                  "fullTitle": "Register functionality Start on register page Create new account - successfully",
                  "timedOut": null,
                  "duration": 7336,
                  "state": "failed",
                  "speed": null,
                  "pass": false,
                  "fail": true,
                  "pending": false,
                  "context": "[\n  \"../screenshots/register.cy.js/Register functionality -- Start on register page -- Create new account - successfully (failed).png\",\n  \"../videos/register.cy.js.mp4\"\n]",
                  "code": "registerPage.accountCreationSuccessful(username, password, email);\nwelcomeSurvey.checkWelcomeHeading();",
                  "err": {
                    "message": "AssertionError: Timed out retrying after 4000ms: expected 'https://en.wikipedia.org/w/index.php?title=Special:CreateAccount&returnto=Main+Page' to include '/w/index.php?title=Special:WelcomeSurvey'",
                    "estack": "AssertionError: Timed out retrying after 4000ms: expected 'https://en.wikipedia.org/w/index.php?title=Special:CreateAccount&returnto=Main+Page' to include '/w/index.php?title=Special:WelcomeSurvey'\n    at Object.checkIncludesURL (webpack://aura-wikipedia-tests/./cypress/support/commonFunctions.js:8:20)\n    at Object.checkWelcomeHeading (webpack://aura-wikipedia-tests/./cypress/support/pageObjects/welcomeSurvey.js:7:11)\n    at Context.eval (webpack://aura-wikipedia-tests/./cypress/e2e/register.cy.js:42:26)",
                    "diff": null
                  },
                  "uuid": "accd39ec-f1ba-493d-b78f-becee68ce29e",
                  "parentUUID": "50351214-5495-4db5-8e88-bb092a1b2fdf",
                  "isHook": false,
                  "skipped": false
                },
                {
                  "title": "Create new account - password mismatch",
                  "fullTitle": "Register functionality Start on register page Create new account - password mismatch",
                  "timedOut": null,
                  "duration": 1141,
                  "state": "failed",
                  "speed": null,
                  "pass": false,
                  "fail": true,
                  "pending": false,
                  "context": "[\n  \"../screenshots/register.cy.js/Register functionality -- Start on register page -- Create new account - password mismatch (failed).png\",\n  \"../videos/register.cy.js.mp4\"\n]",
                  "code": "registerPage.accountCreationPasswordMismatch();",
                  "err": {
                    "message": "ReferenceError: password is not defined",
                    "estack": "ReferenceError: password is not defined\n    at Object.accountCreationPasswordMismatch (webpack://aura-wikipedia-tests/./cypress/support/pageObjects/registerPage.js:32:39)\n    at Context.eval (webpack://aura-wikipedia-tests/./cypress/e2e/register.cy.js:46:25)",
                    "diff": null
                  },
                  "uuid": "f90ea771-8feb-4936-947b-1caa6df99120",
                  "parentUUID": "50351214-5495-4db5-8e88-bb092a1b2fdf",
                  "isHook": false,
                  "skipped": false
                }
              ],
              "suites": [],
              "passes": [],
              "failures": [
                "accd39ec-f1ba-493d-b78f-becee68ce29e",
                "f90ea771-8feb-4936-947b-1caa6df99120"
              ],
              "pending": [],
              "skipped": [],
              "duration": 8477,
              "root": false,
              "rootEmpty": false,
              "_timeout": 2000
            }
          ],
          "passes": [],
          "failures": [],
          "pending": [],
          "skipped": [],
          "duration": 0,
          "root": false,
          "rootEmpty": false,
          "_timeout": 2000
        }
      ],
      "passes": [],
      "failures": [],
      "pending": [],
      "skipped": [],
      "duration": 0,
      "root": true,
      "rootEmpty": true,
      "_timeout": 2000
    }
  ],
  "meta": {
    "mocha": {
      "version": "7.0.1"
    },
    "mochawesome": {
      "options": {
        "quiet": false,
        "reportFilename": "[name].html",
        "saveHtml": true,
        "saveJson": true,
        "consoleReporter": "spec",
        "useInlineDiffs": false,
        "code": true
      },
      "version": "7.1.3"
    },
    "marge": {
      "options": {
        "useInlineDiffs": true,
        "embeddedScreenshots": true,
        "reportDir": "cypress/results",
        "reportFilename": "[name].html",
        "overwrite": true,
        "html": true,
        "json": true
      },
      "version": "6.2.0"
    }
  }
}