{
  "stats": {
    "suites": 3,
    "tests": 4,
    "passes": 0,
    "pending": 0,
    "failures": 4,
    "start": "2024-04-12T11:53:11.961Z",
    "end": "2024-04-12T11:53:47.251Z",
    "duration": 35290,
    "testsRegistered": 4,
    "passPercent": 0,
    "pendingPercent": 0,
    "other": 0,
    "hasOther": false,
    "skipped": 0,
    "hasSkipped": false
  },
  "results": [
    {
      "uuid": "c813bd5d-dd37-4486-a0af-797761113f58",
      "title": "",
      "fullFile": "cypress\\e2e\\register.cy.js",
      "file": "cypress\\e2e\\register.cy.js",
      "beforeHooks": [],
      "afterHooks": [],
      "tests": [],
      "suites": [
        {
          "uuid": "6f90fd76-a118-4d53-b748-995b306ede9b",
          "title": "Register functionality",
          "fullFile": "",
          "file": "",
          "beforeHooks": [],
          "afterHooks": [],
          "tests": [],
          "suites": [
            {
              "uuid": "848ae7fb-bdcf-408a-aa61-f61c2cf6a5de",
              "title": "Navigate to registration",
              "fullFile": "",
              "file": "",
              "beforeHooks": [],
              "afterHooks": [],
              "tests": [
                {
                  "title": "Create new account - from main page",
                  "fullTitle": "Register functionality Navigate to registration Create new account - from main page",
                  "timedOut": null,
                  "duration": 8756,
                  "state": "failed",
                  "speed": null,
                  "pass": false,
                  "fail": true,
                  "pending": false,
                  "context": "[\n  \"../screenshots/register.cy.js/Register functionality -- Navigate to registration -- Create new account - from main page (failed).png\",\n  \"../videos/register.cy.js.mp4\"\n]",
                  "code": "mainPage.goToRegistration();\nregisterPage.accountCreationSuccessful(username, password, email);\nwelcomeSurvey.checkWelcomeHeading();",
                  "err": {
                    "message": "AssertionError: Timed out retrying after 4000ms: expected 'https://en.wikipedia.org/w/index.php?title=Special:CreateAccount&returnto=Main+Page' to include '/w/index.php?title=Special:WelcomeSurvey'",
                    "estack": "AssertionError: Timed out retrying after 4000ms: expected 'https://en.wikipedia.org/w/index.php?title=Special:CreateAccount&returnto=Main+Page' to include '/w/index.php?title=Special:WelcomeSurvey'\n    at Object.checkIncludesURL (webpack://aura-wikipedia-tests/./cypress/support/commonFunctions.js:8:20)\n    at Object.checkWelcomeHeading (webpack://aura-wikipedia-tests/./cypress/support/pageObjects/welcomeSurvey.js:7:11)\n    at Context.eval (webpack://aura-wikipedia-tests/./cypress/e2e/register.cy.js:23:26)",
                    "diff": null
                  },
                  "uuid": "4ab3e8dd-9e3c-46ac-b4a7-5f51fff0f99b",
                  "parentUUID": "848ae7fb-bdcf-408a-aa61-f61c2cf6a5de",
                  "isHook": false,
                  "skipped": false
                },
                {
                  "title": "Create new account - through login page",
                  "fullTitle": "Register functionality Navigate to registration Create new account - through login page",
                  "timedOut": null,
                  "duration": 8883,
                  "state": "failed",
                  "speed": null,
                  "pass": false,
                  "fail": true,
                  "pending": false,
                  "context": "[\n  \"../screenshots/register.cy.js/Register functionality -- Navigate to registration -- Create new account - through login page (failed).png\",\n  \"../videos/register.cy.js.mp4\"\n]",
                  "code": "mainPage.goToLogin();\nloginPage.goToRegistration();\nregisterPage.accountCreationSuccessful(username, password, email);\nwelcomeSurvey.checkWelcomeHeading();",
                  "err": {
                    "message": "AssertionError: Timed out retrying after 4000ms: expected 'https://en.wikipedia.org/w/index.php?title=Special:CreateAccount&returnto=Main+Page&campaign=loginCTA' to include '/w/index.php?title=Special:WelcomeSurvey'",
                    "estack": "AssertionError: Timed out retrying after 4000ms: expected 'https://en.wikipedia.org/w/index.php?title=Special:CreateAccount&returnto=Main+Page&campaign=loginCTA' to include '/w/index.php?title=Special:WelcomeSurvey'\n    at Object.checkIncludesURL (webpack://aura-wikipedia-tests/./cypress/support/commonFunctions.js:8:20)\n    at Object.checkWelcomeHeading (webpack://aura-wikipedia-tests/./cypress/support/pageObjects/welcomeSurvey.js:7:11)\n    at Context.eval (webpack://aura-wikipedia-tests/./cypress/e2e/register.cy.js:30:26)",
                    "diff": null
                  },
                  "uuid": "df835026-b42a-4fd2-97a1-11eaaae84398",
                  "parentUUID": "848ae7fb-bdcf-408a-aa61-f61c2cf6a5de",
                  "isHook": false,
                  "skipped": false
                }
              ],
              "suites": [],
              "passes": [],
              "failures": [
                "4ab3e8dd-9e3c-46ac-b4a7-5f51fff0f99b",
                "df835026-b42a-4fd2-97a1-11eaaae84398"
              ],
              "pending": [],
              "skipped": [],
              "duration": 17639,
              "root": false,
              "rootEmpty": false,
              "_timeout": 2000
            },
            {
              "uuid": "b42d7f5d-be80-40a3-ba36-90605059f11e",
              "title": "Start on register page",
              "fullFile": "",
              "file": "",
              "beforeHooks": [],
              "afterHooks": [],
              "tests": [
                {
                  "title": "Create new account - successfully",
                  "fullTitle": "Register functionality Start on register page Create new account - successfully",
                  "timedOut": null,
                  "duration": 7259,
                  "state": "failed",
                  "speed": null,
                  "pass": false,
                  "fail": true,
                  "pending": false,
                  "context": "[\n  \"../screenshots/register.cy.js/Register functionality -- Start on register page -- Create new account - successfully (failed).png\",\n  \"../videos/register.cy.js.mp4\"\n]",
                  "code": "registerPage.accountCreationSuccessful(username, password, email);\nwelcomeSurvey.checkWelcomeHeading();",
                  "err": {
                    "message": "AssertionError: Timed out retrying after 4000ms: expected 'https://en.wikipedia.org/w/index.php?title=Special:CreateAccount&returnto=Main+Page' to include '/w/index.php?title=Special:WelcomeSurvey'",
                    "estack": "AssertionError: Timed out retrying after 4000ms: expected 'https://en.wikipedia.org/w/index.php?title=Special:CreateAccount&returnto=Main+Page' to include '/w/index.php?title=Special:WelcomeSurvey'\n    at Object.checkIncludesURL (webpack://aura-wikipedia-tests/./cypress/support/commonFunctions.js:8:20)\n    at Object.checkWelcomeHeading (webpack://aura-wikipedia-tests/./cypress/support/pageObjects/welcomeSurvey.js:7:11)\n    at Context.eval (webpack://aura-wikipedia-tests/./cypress/e2e/register.cy.js:43:26)",
                    "diff": null
                  },
                  "uuid": "fc06e6ab-558c-49ca-a096-991dbfd2bec7",
                  "parentUUID": "b42d7f5d-be80-40a3-ba36-90605059f11e",
                  "isHook": false,
                  "skipped": false
                },
                {
                  "title": "Create new account - password mismatch",
                  "fullTitle": "Register functionality Start on register page Create new account - password mismatch",
                  "timedOut": null,
                  "duration": 7365,
                  "state": "failed",
                  "speed": null,
                  "pass": false,
                  "fail": true,
                  "pending": false,
                  "context": "[\n  \"../screenshots/register.cy.js/Register functionality -- Start on register page -- Create new account - password mismatch (failed).png\",\n  \"../videos/register.cy.js.mp4\"\n]",
                  "code": "registerPage.accountCreationPasswordMismatch(username, password, otherPassword, email);",
                  "err": {
                    "message": "AssertionError: Timed out retrying after 4000ms: Expected to find element: `#mw-htmlform-invalid-input > #cdx-field__validation-message > #mw-message-box-error > div`, but never found it.",
                    "estack": "AssertionError: Timed out retrying after 4000ms: Expected to find element: `#mw-htmlform-invalid-input > #cdx-field__validation-message > #mw-message-box-error > div`, but never found it.\n    at passwordMismatchError (webpack://aura-wikipedia-tests/./cypress/support/pageObjects/registerPage.js:14:37)\n    at Object.accountCreationPasswordMismatch (webpack://aura-wikipedia-tests/./cypress/support/pageObjects/registerPage.js:37:4)\n    at Context.eval (webpack://aura-wikipedia-tests/./cypress/e2e/register.cy.js:47:25)",
                    "diff": null
                  },
                  "uuid": "ba5754d5-09de-44a6-816d-69f794655bf0",
                  "parentUUID": "b42d7f5d-be80-40a3-ba36-90605059f11e",
                  "isHook": false,
                  "skipped": false
                }
              ],
              "suites": [],
              "passes": [],
              "failures": [
                "fc06e6ab-558c-49ca-a096-991dbfd2bec7",
                "ba5754d5-09de-44a6-816d-69f794655bf0"
              ],
              "pending": [],
              "skipped": [],
              "duration": 14624,
              "root": false,
              "rootEmpty": false,
              "_timeout": 2000
            }
          ],
          "passes": [],
          "failures": [],
          "pending": [],
          "skipped": [],
          "duration": 0,
          "root": false,
          "rootEmpty": false,
          "_timeout": 2000
        }
      ],
      "passes": [],
      "failures": [],
      "pending": [],
      "skipped": [],
      "duration": 0,
      "root": true,
      "rootEmpty": true,
      "_timeout": 2000
    }
  ],
  "meta": {
    "mocha": {
      "version": "7.0.1"
    },
    "mochawesome": {
      "options": {
        "quiet": false,
        "reportFilename": "[name].html",
        "saveHtml": true,
        "saveJson": true,
        "consoleReporter": "spec",
        "useInlineDiffs": false,
        "code": true
      },
      "version": "7.1.3"
    },
    "marge": {
      "options": {
        "useInlineDiffs": true,
        "embeddedScreenshots": true,
        "reportDir": "cypress/results",
        "reportFilename": "[name].html",
        "overwrite": true,
        "html": true,
        "json": true
      },
      "version": "6.2.0"
    }
  }
}