{
  "stats": {
    "suites": 1,
    "tests": 3,
    "passes": 3,
    "pending": 0,
    "failures": 0,
    "start": "2024-04-12T11:53:53.249Z",
    "end": "2024-04-12T11:54:06.345Z",
    "duration": 13096,
    "testsRegistered": 3,
    "passPercent": 100,
    "pendingPercent": 0,
    "other": 0,
    "hasOther": false,
    "skipped": 0,
    "hasSkipped": false
  },
  "results": [
    {
      "uuid": "654da7f7-2851-4b6a-b0e2-9bb794b4cba8",
      "title": "",
      "fullFile": "cypress\\e2e\\revisionHistory.cy.js",
      "file": "cypress\\e2e\\revisionHistory.cy.js",
      "beforeHooks": [],
      "afterHooks": [],
      "tests": [],
      "suites": [
        {
          "uuid": "7a94049f-fc56-4bcb-9bfb-b5aec16f9d05",
          "title": "Revision History",
          "fullFile": "",
          "file": "",
          "beforeHooks": [],
          "afterHooks": [],
          "tests": [
            {
              "title": "Display past revisions",
              "fullTitle": "Revision History Display past revisions",
              "timedOut": null,
              "duration": 2545,
              "state": "passed",
              "speed": "fast",
              "pass": true,
              "fail": false,
              "pending": false,
              "context": "\"../videos/revisionHistory.cy.js.mp4\"",
              "code": "articleView.goToRevisionHistory();\nrevisionHistory.checkRevisionUrl(articleTitle, 'History');\nrevisionHistory.revisionHistoryVisible();",
              "err": {},
              "uuid": "23008526-d779-498a-95af-a73cb234972a",
              "parentUUID": "7a94049f-fc56-4bcb-9bfb-b5aec16f9d05",
              "isHook": false,
              "skipped": false
            },
            {
              "title": "View specific revision content",
              "fullTitle": "Revision History View specific revision content",
              "timedOut": null,
              "duration": 3713,
              "state": "passed",
              "speed": "fast",
              "pass": true,
              "fail": false,
              "pending": false,
              "context": "\"../videos/revisionHistory.cy.js.mp4\"",
              "code": "articleView.goToRevisionHistory();\nrevisionHistory.checkRevisionUrl(articleTitle, 'History');\nrevisionHistory.openNthRevisionContent(2);\nrevisionHistory.checkRevisionUrl(articleTitle, 'Content');\nrevisionHistory.revisionTextboxVisible();",
              "err": {},
              "uuid": "7ca47838-e414-48bd-884e-dbdffa65a7d4",
              "parentUUID": "7a94049f-fc56-4bcb-9bfb-b5aec16f9d05",
              "isHook": false,
              "skipped": false
            },
            {
              "title": "Compare two revisions",
              "fullTitle": "Revision History Compare two revisions",
              "timedOut": null,
              "duration": 3176,
              "state": "passed",
              "speed": "fast",
              "pass": true,
              "fail": false,
              "pending": false,
              "context": "\"../videos/revisionHistory.cy.js.mp4\"",
              "code": "articleView.goToRevisionHistory();\nrevisionHistory.checkRevisionUrl(articleTitle, 'History');\nrevisionHistory.chooseRevisionsToDiff(5, 2);\nrevisionHistory.checkRevisionUrl(articleTitle, 'Compare');\nrevisionHistory.revisionDiffVisible();",
              "err": {},
              "uuid": "b9c30ea1-7363-4b5a-910b-cd39f02ca2bc",
              "parentUUID": "7a94049f-fc56-4bcb-9bfb-b5aec16f9d05",
              "isHook": false,
              "skipped": false
            }
          ],
          "suites": [],
          "passes": [
            "23008526-d779-498a-95af-a73cb234972a",
            "7ca47838-e414-48bd-884e-dbdffa65a7d4",
            "b9c30ea1-7363-4b5a-910b-cd39f02ca2bc"
          ],
          "failures": [],
          "pending": [],
          "skipped": [],
          "duration": 9434,
          "root": false,
          "rootEmpty": false,
          "_timeout": 2000
        }
      ],
      "passes": [],
      "failures": [],
      "pending": [],
      "skipped": [],
      "duration": 0,
      "root": true,
      "rootEmpty": true,
      "_timeout": 2000
    }
  ],
  "meta": {
    "mocha": {
      "version": "7.0.1"
    },
    "mochawesome": {
      "options": {
        "quiet": false,
        "reportFilename": "[name].html",
        "saveHtml": true,
        "saveJson": true,
        "consoleReporter": "spec",
        "useInlineDiffs": false,
        "code": true
      },
      "version": "7.1.3"
    },
    "marge": {
      "options": {
        "useInlineDiffs": true,
        "embeddedScreenshots": true,
        "reportDir": "cypress/results",
        "reportFilename": "[name].html",
        "overwrite": true,
        "html": true,
        "json": true
      },
      "version": "6.2.0"
    }
  }
}