{
  "stats": {
    "suites": 1,
    "tests": 6,
    "passes": 6,
    "pending": 0,
    "failures": 0,
    "start": "2024-04-12T09:59:03.798Z",
    "end": "2024-04-12T09:59:19.437Z",
    "duration": 15639,
    "testsRegistered": 6,
    "passPercent": 100,
    "pendingPercent": 0,
    "other": 0,
    "hasOther": false,
    "skipped": 0,
    "hasSkipped": false
  },
  "results": [
    {
      "uuid": "369d54ed-b473-4ddc-88a3-9f26ced23acf",
      "title": "",
      "fullFile": "cypress\\e2e\\search.cy.js",
      "file": "cypress\\e2e\\search.cy.js",
      "beforeHooks": [],
      "afterHooks": [],
      "tests": [],
      "suites": [
        {
          "uuid": "c5dfee50-facc-4054-9684-5e13a78297bd",
          "title": "Search Functionality on main page",
          "fullFile": "",
          "file": "",
          "beforeHooks": [],
          "afterHooks": [],
          "tests": [
            {
              "title": "Search for a valid article title",
              "fullTitle": "Search Functionality on main page Search for a valid article title",
              "timedOut": null,
              "duration": 2920,
              "state": "passed",
              "speed": "fast",
              "pass": true,
              "fail": false,
              "pending": false,
              "context": "\"../videos/search.cy.js.mp4\"",
              "code": "mainPage.searchForArticle(validArticle);\narticleView.checkArticle(validArticle);",
              "err": {},
              "uuid": "f70427e5-aeba-4c37-a61c-26a03e0dc6b7",
              "parentUUID": "c5dfee50-facc-4054-9684-5e13a78297bd",
              "isHook": false,
              "skipped": false
            },
            {
              "title": "Search for a valid article title via redirection",
              "fullTitle": "Search Functionality on main page Search for a valid article title via redirection",
              "timedOut": null,
              "duration": 1901,
              "state": "passed",
              "speed": "fast",
              "pass": true,
              "fail": false,
              "pending": false,
              "context": "\"../videos/search.cy.js.mp4\"",
              "code": "mainPage.searchForArticle(redirectionArticle);\narticleView.checkArticle(redirectedArticle);\narticleView.checkRedirection(redirectionArticle);",
              "err": {},
              "uuid": "89a059ff-e485-4c25-9d47-748a1f60d22c",
              "parentUUID": "c5dfee50-facc-4054-9684-5e13a78297bd",
              "isHook": false,
              "skipped": false
            },
            {
              "title": "Search for a non-existent article title",
              "fullTitle": "Search Functionality on main page Search for a non-existent article title",
              "timedOut": null,
              "duration": 2676,
              "state": "passed",
              "speed": "fast",
              "pass": true,
              "fail": false,
              "pending": false,
              "context": "\"../videos/search.cy.js.mp4\"",
              "code": "mainPage.searchForArticle(nonExistingArticle);\nsearchResults.articleNotExist(nonExistingArticle);",
              "err": {},
              "uuid": "3316934e-2309-4444-8a87-d708bb7b9a77",
              "parentUUID": "c5dfee50-facc-4054-9684-5e13a78297bd",
              "isHook": false,
              "skipped": false
            },
            {
              "title": "Search with special characters or numbers",
              "fullTitle": "Search Functionality on main page Search with special characters or numbers",
              "timedOut": null,
              "duration": 1939,
              "state": "passed",
              "speed": "fast",
              "pass": true,
              "fail": false,
              "pending": false,
              "context": "\"../videos/search.cy.js.mp4\"",
              "code": "mainPage.searchForArticle(articleWithSpecialCharacters);\narticleView.checkArticle(articleWithSpecialCharacters);",
              "err": {},
              "uuid": "3f1eb514-8fa3-4d44-9933-289dc141c6d1",
              "parentUUID": "c5dfee50-facc-4054-9684-5e13a78297bd",
              "isHook": false,
              "skipped": false
            },
            {
              "title": "Search for ambiguous term",
              "fullTitle": "Search Functionality on main page Search for ambiguous term",
              "timedOut": null,
              "duration": 1775,
              "state": "passed",
              "speed": "fast",
              "pass": true,
              "fail": false,
              "pending": false,
              "context": "\"../videos/search.cy.js.mp4\"",
              "code": "mainPage.searchForArticle(ambiguousArticle);\nsearchResults.ambiguousArticle(ambiguousArticle);",
              "err": {},
              "uuid": "0b887699-f915-4752-b2d5-7538a391a0c7",
              "parentUUID": "c5dfee50-facc-4054-9684-5e13a78297bd",
              "isHook": false,
              "skipped": false
            },
            {
              "title": "Show search meu after typing text",
              "fullTitle": "Search Functionality on main page Show search meu after typing text",
              "timedOut": null,
              "duration": 1055,
              "state": "passed",
              "speed": "fast",
              "pass": true,
              "fail": false,
              "pending": false,
              "context": "\"../videos/search.cy.js.mp4\"",
              "code": "mainPage.typeInSearchBox();\nmainPage.showSearchMenu();",
              "err": {},
              "uuid": "b1e0e911-aaff-48a0-869e-447078e39049",
              "parentUUID": "c5dfee50-facc-4054-9684-5e13a78297bd",
              "isHook": false,
              "skipped": false
            }
          ],
          "suites": [],
          "passes": [
            "f70427e5-aeba-4c37-a61c-26a03e0dc6b7",
            "89a059ff-e485-4c25-9d47-748a1f60d22c",
            "3316934e-2309-4444-8a87-d708bb7b9a77",
            "3f1eb514-8fa3-4d44-9933-289dc141c6d1",
            "0b887699-f915-4752-b2d5-7538a391a0c7",
            "b1e0e911-aaff-48a0-869e-447078e39049"
          ],
          "failures": [],
          "pending": [],
          "skipped": [],
          "duration": 12266,
          "root": false,
          "rootEmpty": false,
          "_timeout": 2000
        }
      ],
      "passes": [],
      "failures": [],
      "pending": [],
      "skipped": [],
      "duration": 0,
      "root": true,
      "rootEmpty": true,
      "_timeout": 2000
    }
  ],
  "meta": {
    "mocha": {
      "version": "7.0.1"
    },
    "mochawesome": {
      "options": {
        "quiet": false,
        "reportFilename": "[name].html",
        "saveHtml": true,
        "saveJson": true,
        "consoleReporter": "spec",
        "useInlineDiffs": false,
        "code": true
      },
      "version": "7.1.3"
    },
    "marge": {
      "options": {
        "useInlineDiffs": true,
        "embeddedScreenshots": true,
        "reportDir": "cypress/results",
        "reportFilename": "[name].html",
        "overwrite": true,
        "html": true,
        "json": true
      },
      "version": "6.2.0"
    }
  }
}