{
  "stats": {
    "suites": 1,
    "tests": 6,
    "passes": 6,
    "pending": 0,
    "failures": 0,
    "start": "2024-04-12T11:54:11.990Z",
    "end": "2024-04-12T11:54:28.115Z",
    "duration": 16125,
    "testsRegistered": 6,
    "passPercent": 100,
    "pendingPercent": 0,
    "other": 0,
    "hasOther": false,
    "skipped": 0,
    "hasSkipped": false
  },
  "results": [
    {
      "uuid": "2f0b9495-fe80-4f4c-a201-31cbd3b9c29b",
      "title": "",
      "fullFile": "cypress\\e2e\\search.cy.js",
      "file": "cypress\\e2e\\search.cy.js",
      "beforeHooks": [],
      "afterHooks": [],
      "tests": [],
      "suites": [
        {
          "uuid": "2852e524-c136-420a-8bb8-e67308d3d361",
          "title": "Search Functionality on main page",
          "fullFile": "",
          "file": "",
          "beforeHooks": [],
          "afterHooks": [],
          "tests": [
            {
              "title": "Search for a valid article title",
              "fullTitle": "Search Functionality on main page Search for a valid article title",
              "timedOut": null,
              "duration": 3263,
              "state": "passed",
              "speed": "fast",
              "pass": true,
              "fail": false,
              "pending": false,
              "context": "\"../videos/search.cy.js.mp4\"",
              "code": "mainPage.searchForArticle(validArticle);\narticleView.checkArticle(validArticle);",
              "err": {},
              "uuid": "f8dcbcab-65ff-4826-9e48-3a9155030550",
              "parentUUID": "2852e524-c136-420a-8bb8-e67308d3d361",
              "isHook": false,
              "skipped": false
            },
            {
              "title": "Search for a valid article title via redirection",
              "fullTitle": "Search Functionality on main page Search for a valid article title via redirection",
              "timedOut": null,
              "duration": 1787,
              "state": "passed",
              "speed": "fast",
              "pass": true,
              "fail": false,
              "pending": false,
              "context": "\"../videos/search.cy.js.mp4\"",
              "code": "mainPage.searchForArticle(redirectionArticle);\narticleView.checkArticle(redirectedArticle);\narticleView.checkRedirection(redirectionArticle);",
              "err": {},
              "uuid": "81ea8619-c723-488b-aac5-cd555729bba9",
              "parentUUID": "2852e524-c136-420a-8bb8-e67308d3d361",
              "isHook": false,
              "skipped": false
            },
            {
              "title": "Search for a non-existent article title",
              "fullTitle": "Search Functionality on main page Search for a non-existent article title",
              "timedOut": null,
              "duration": 2565,
              "state": "passed",
              "speed": "fast",
              "pass": true,
              "fail": false,
              "pending": false,
              "context": "\"../videos/search.cy.js.mp4\"",
              "code": "mainPage.searchForArticle(nonExistingArticle);\nsearchResults.articleNotExist(nonExistingArticle);",
              "err": {},
              "uuid": "d99b14ad-8477-4e9e-a4ac-3495bffa7350",
              "parentUUID": "2852e524-c136-420a-8bb8-e67308d3d361",
              "isHook": false,
              "skipped": false
            },
            {
              "title": "Search with special characters or numbers",
              "fullTitle": "Search Functionality on main page Search with special characters or numbers",
              "timedOut": null,
              "duration": 1775,
              "state": "passed",
              "speed": "fast",
              "pass": true,
              "fail": false,
              "pending": false,
              "context": "\"../videos/search.cy.js.mp4\"",
              "code": "mainPage.searchForArticle(articleWithSpecialCharacters);\narticleView.checkArticle(articleWithSpecialCharacters);",
              "err": {},
              "uuid": "57b0c11e-1d75-447e-ba46-f4c251b6d0a0",
              "parentUUID": "2852e524-c136-420a-8bb8-e67308d3d361",
              "isHook": false,
              "skipped": false
            },
            {
              "title": "Search for ambiguous term",
              "fullTitle": "Search Functionality on main page Search for ambiguous term",
              "timedOut": null,
              "duration": 1565,
              "state": "passed",
              "speed": "fast",
              "pass": true,
              "fail": false,
              "pending": false,
              "context": "\"../videos/search.cy.js.mp4\"",
              "code": "mainPage.searchForArticle(ambiguousArticle);\nsearchResults.ambiguousArticle(ambiguousArticle);",
              "err": {},
              "uuid": "4a1b0fa3-3e1d-48f4-963e-1428dda45616",
              "parentUUID": "2852e524-c136-420a-8bb8-e67308d3d361",
              "isHook": false,
              "skipped": false
            },
            {
              "title": "Show search meu after typing text",
              "fullTitle": "Search Functionality on main page Show search meu after typing text",
              "timedOut": null,
              "duration": 1216,
              "state": "passed",
              "speed": "fast",
              "pass": true,
              "fail": false,
              "pending": false,
              "context": "\"../videos/search.cy.js.mp4\"",
              "code": "mainPage.typeInSearchBox();\nmainPage.showSearchMenu();",
              "err": {},
              "uuid": "39ac0bfd-e7f1-4dd1-8e4f-2d3c28f73cf4",
              "parentUUID": "2852e524-c136-420a-8bb8-e67308d3d361",
              "isHook": false,
              "skipped": false
            }
          ],
          "suites": [],
          "passes": [
            "f8dcbcab-65ff-4826-9e48-3a9155030550",
            "81ea8619-c723-488b-aac5-cd555729bba9",
            "d99b14ad-8477-4e9e-a4ac-3495bffa7350",
            "57b0c11e-1d75-447e-ba46-f4c251b6d0a0",
            "4a1b0fa3-3e1d-48f4-963e-1428dda45616",
            "39ac0bfd-e7f1-4dd1-8e4f-2d3c28f73cf4"
          ],
          "failures": [],
          "pending": [],
          "skipped": [],
          "duration": 12171,
          "root": false,
          "rootEmpty": false,
          "_timeout": 2000
        }
      ],
      "passes": [],
      "failures": [],
      "pending": [],
      "skipped": [],
      "duration": 0,
      "root": true,
      "rootEmpty": true,
      "_timeout": 2000
    }
  ],
  "meta": {
    "mocha": {
      "version": "7.0.1"
    },
    "mochawesome": {
      "options": {
        "quiet": false,
        "reportFilename": "[name].html",
        "saveHtml": true,
        "saveJson": true,
        "consoleReporter": "spec",
        "useInlineDiffs": false,
        "code": true
      },
      "version": "7.1.3"
    },
    "marge": {
      "options": {
        "useInlineDiffs": true,
        "embeddedScreenshots": true,
        "reportDir": "cypress/results",
        "reportFilename": "[name].html",
        "overwrite": true,
        "html": true,
        "json": true
      },
      "version": "6.2.0"
    }
  }
}